<?xml version="1.0" encoding="UTF-8"?>
<testng-results ignored="0" total="2" passed="1" failed="1" skipped="0">
  <reporter-output>
  </reporter-output>
  <suite started-at="2026-06-19T13:01:00 IST" name="CallAuditSuite" finished-at="2026-06-19T13:01:01 IST" duration-ms="1153">
    <groups>
    </groups>
    <test started-at="2026-06-19T13:01:00 IST" name="Login" finished-at="2026-06-19T13:01:00 IST" duration-ms="200">
      <class name="com.callaudit.tests.LoginTest">
        <test-method signature="testLogin()[pri:0, instance:com.callaudit.tests.LoginTest@5c87bfe2]" started-at="2026-06-19T13:01:00 IST" name="testLogin" finished-at="2026-06-19T13:01:00 IST" duration-ms="18" status="PASS">
          <reporter-output>
          </reporter-output>
        </test-method> <!-- testLogin -->
      </class> <!-- com.callaudit.tests.LoginTest -->
    </test> <!-- Login -->
    <test started-at="2026-06-19T13:01:00 IST" name="Dashboard" finished-at="2026-06-19T13:01:00 IST" duration-ms="0">
    </test> <!-- Dashboard -->
    <test started-at="2026-06-19T13:01:00 IST" name="Search" finished-at="2026-06-19T13:01:00 IST" duration-ms="1">
    </test> <!-- Search -->
    <test started-at="2026-06-19T13:01:00 IST" name="Reports" finished-at="2026-06-19T13:01:00 IST" duration-ms="0">
    </test> <!-- Reports -->
    <test started-at="2026-06-19T13:01:00 IST" name="Extensions" finished-at="2026-06-19T13:01:00 IST" duration-ms="0">
    </test> <!-- Extensions -->
    <test started-at="2026-06-19T13:01:00 IST" name="LatestCDR" finished-at="2026-06-19T13:01:00 IST" duration-ms="0">
    </test> <!-- LatestCDR -->
    <test started-at="2026-06-19T13:01:00 IST" name="Users" finished-at="2026-06-19T13:01:00 IST" duration-ms="0">
    </test> <!-- Users -->
    <test started-at="2026-06-19T13:01:00 IST" name="Roles" finished-at="2026-06-19T13:01:00 IST" duration-ms="0">
    </test> <!-- Roles -->
    <test started-at="2026-06-19T13:01:00 IST" name="Regions" finished-at="2026-06-19T13:01:00 IST" duration-ms="0">
    </test> <!-- Regions -->
    <test started-at="2026-06-19T13:01:00 IST" name="CallRate" finished-at="2026-06-19T13:01:00 IST" duration-ms="0">
    </test> <!-- CallRate -->
    <test started-at="2026-06-19T13:01:00 IST" name="BillingClass" finished-at="2026-06-19T13:01:01 IST" duration-ms="376">
      <class name="com.callaudit.tests.BillingClassTest">
        <test-method signature="testBillingClass()[pri:0, instance:com.callaudit.tests.BillingClassTest@24d4d7c9]" started-at="2026-06-19T13:01:00 IST" name="testBillingClass" finished-at="2026-06-19T13:01:00 IST" duration-ms="2" status="FAIL">
          <exception class="java.lang.AssertionError">
            <message>
              <![CDATA[null]]>
            </message>
            <full-stacktrace>
              <![CDATA[java.lang.AssertionError: null
at org.testng.Assert.fail(Assert.java:111)
at org.testng.Assert.fail(Assert.java:116)
at com.callaudit.tests.BillingClassTest.testBillingClass(BillingClassTest.java:15)
at java.base/jdk.internal.reflect.NativeMethodAccessorImpl.invoke0(Native Method)
at java.base/jdk.internal.reflect.NativeMethodAccessorImpl.invoke(NativeMethodAccessorImpl.java:62)
at java.base/jdk.internal.reflect.DelegatingMethodAccessorImpl.invoke(DelegatingMethodAccessorImpl.java:43)
at java.base/java.lang.reflect.Method.invoke(Method.java:566)
at org.testng.internal.invokers.MethodInvocationHelper.invokeMethod(MethodInvocationHelper.java:139)
at org.testng.internal.invokers.TestInvoker.invokeMethod(TestInvoker.java:664)
at org.testng.internal.invokers.TestInvoker.invokeTestMethod(TestInvoker.java:228)
at org.testng.internal.invokers.MethodRunner.runInSequence(MethodRunner.java:63)
at org.testng.internal.invokers.TestInvoker$MethodInvocationAgent.invoke(TestInvoker.java:961)
at org.testng.internal.invokers.TestInvoker.invokeTestMethods(TestInvoker.java:201)
at org.testng.internal.invokers.TestMethodWorker.invokeTestMethods(TestMethodWorker.java:148)
at org.testng.internal.invokers.TestMethodWorker.run(TestMethodWorker.java:128)
at java.base/java.util.ArrayList.forEach(ArrayList.java:1541)
at org.testng.TestRunner.privateRun(TestRunner.java:819)
at org.testng.TestRunner.run(TestRunner.java:619)
at org.testng.SuiteRunner.runTest(SuiteRunner.java:443)
at org.testng.SuiteRunner.runSequentially(SuiteRunner.java:437)
at org.testng.SuiteRunner.privateRun(SuiteRunner.java:397)
at org.testng.SuiteRunner.run(SuiteRunner.java:336)
at org.testng.SuiteRunnerWorker.runSuite(SuiteRunnerWorker.java:52)
at org.testng.SuiteRunnerWorker.run(SuiteRunnerWorker.java:95)
at org.testng.TestNG.runSuitesSequentially(TestNG.java:1301)
at org.testng.TestNG.runSuitesLocally(TestNG.java:1228)
at org.testng.TestNG.runSuites(TestNG.java:1134)
at org.testng.TestNG.run(TestNG.java:1101)
at org.apache.maven.surefire.testng.TestNGExecutor.run(TestNGExecutor.java:308)
at org.apache.maven.surefire.testng.TestNGXmlTestSuite.execute(TestNGXmlTestSuite.java:71)
at org.apache.maven.surefire.testng.TestNGProvider.invoke(TestNGProvider.java:113)
at org.apache.maven.surefire.booter.ForkedBooter.runSuitesInProcess(ForkedBooter.java:385)
at org.apache.maven.surefire.booter.ForkedBooter.execute(ForkedBooter.java:162)
at org.apache.maven.surefire.booter.ForkedBooter.run(ForkedBooter.java:507)
at org.apache.maven.surefire.booter.ForkedBooter.main(ForkedBooter.java:495)
]]>
            </full-stacktrace>
          </exception> <!-- java.lang.AssertionError -->
          <reporter-output>
          </reporter-output>
        </test-method> <!-- testBillingClass -->
      </class> <!-- com.callaudit.tests.BillingClassTest -->
    </test> <!-- BillingClass -->
    <test started-at="2026-06-19T13:01:01 IST" name="BillingExceptions" finished-at="2026-06-19T13:01:01 IST" duration-ms="0">
    </test> <!-- BillingExceptions -->
    <test started-at="2026-06-19T13:01:01 IST" name="PBXMaster" finished-at="2026-06-19T13:01:01 IST" duration-ms="1">
    </test> <!-- PBXMaster -->
    <test started-at="2026-06-19T13:01:01 IST" name="LocationProperties" finished-at="2026-06-19T13:01:01 IST" duration-ms="0">
      <class name="com.callaudit.tests.LocationPropertiesTest">
        <test-method is-config="true" signature="reportConfig()[pri:0, instance:com.callaudit.tests.LocationPropertiesTest@78a287ed]" started-at="2026-06-19T13:00:56 IST" name="reportConfig" finished-at="2026-06-19T13:01:00 IST" duration-ms="3531" status="PASS">
          <reporter-output>
          </reporter-output>
        </test-method> <!-- reportConfig -->
        <test-method is-config="true" signature="reportBackup()[pri:0, instance:com.callaudit.tests.LocationPropertiesTest@78a287ed]" started-at="2026-06-19T13:01:01 IST" name="reportBackup" finished-at="2026-06-19T13:01:01 IST" duration-ms="171" status="PASS">
          <reporter-output>
          </reporter-output>
        </test-method> <!-- reportBackup -->
      </class> <!-- com.callaudit.tests.LocationPropertiesTest -->
    </test> <!-- LocationProperties -->
  </suite> <!-- CallAuditSuite -->
</testng-results>
