<?xml version="1.0" encoding="UTF-8"?>
<!-- Generated by org.testng.reporters.JUnitXMLReporter -->
<testsuite ignored="0" hostname="DESKTOP-387FI0C" failures="1" tests="1" name="BillingClass" time="0.376" errors="0" timestamp="2026-06-19T13:01:01 IST">
  <testcase classname="com.callaudit.tests.BillingClassTest" name="testBillingClass" time="0.002">
    <failure type="java.lang.AssertionError" message="null">
      <![CDATA[java.lang.AssertionError: null
at com.callaudit.tests.BillingClassTest.testBillingClass(BillingClassTest.java:15)
at java.base/java.util.ArrayList.forEach(ArrayList.java:1541)
... Removed 33 stack frames]]>
    </failure>
  </testcase> <!-- testBillingClass -->
</testsuite> <!-- BillingClass -->
